<?xml version="1.0" encoding="UTF-8"?>
<testng-results skipped="0" failed="0" ignored="0" total="1" passed="1">
  <reporter-output>
  </reporter-output>
  <suite name="Default suite" duration-ms="22306" started-at="2021-10-17T22:30:36 IST" finished-at="2021-10-17T22:30:58 IST">
    <groups>
    </groups>
    <test name="Default test" duration-ms="22306" started-at="2021-10-17T22:30:36 IST" finished-at="2021-10-17T22:30:58 IST">
      <class name="jbehave.storyRunner">
        <test-method status="PASS" signature="run()[pri:0, instance:jbehave.storyRunner@2641e737]" name="run" duration-ms="22275" started-at="2021-10-17T22:30:36 IST" finished-at="2021-10-17T22:30:58 IST">
          <reporter-output>
          </reporter-output>
        </test-method> <!-- run -->
      </class> <!-- jbehave.storyRunner -->
    </test> <!-- Default test -->
  </suite> <!-- Default suite -->
</testng-results>
